<?xml version="1.0" encoding="utf-8"?><testsuites name="pytest tests"><testsuite name="pytest" errors="0" failures="0" skipped="0" tests="49" time="354.002" timestamp="2026-09-22T09:21:03.674493-03:00" hostname="Lucass-MacBook-Pro.local"><testcase classname="tests.test_autostart" name="test_predict_starts_the_container_when_it_is_down" time="136.873" /><testcase classname="tests.test_autostart" name="test_health_reports_the_api_as_down_without_starting_it" time="4.226" /><testcase classname="tests.test_autostart" name="test_start_warms_the_stack_and_reports_the_cold_path" time="116.394" /><testcase classname="tests.test_autostart" name="test_offline_hint_is_returned_when_auto_start_is_impossible" time="1.381" /><testcase classname="tests.test_autostart" name="test_remote_api_url_never_triggers_a_local_container" time="0.736" /><testcase classname="tests.test_decision_quality" name="test_department_triage_accuracy" time="5.328" /><testcase classname="tests.test_decision_quality" name="test_triage_works_in_portuguese_not_just_english" time="1.320" /><testcase classname="tests.test_decision_quality" name="test_refund_detection" time="1.450" /><testcase classname="tests.test_decision_quality" name="test_churn_risk_detection" time="0.885" /><testcase classname="tests.test_decision_quality" name="test_urgency_score_orders_blocking_above_trivial" time="0.398" /><testcase classname="tests.test_decision_quality" name="test_router_sends_non_latin_scripts_to_the_multilingual_checkpoint" time="0.564" /><testcase classname="tests.test_decision_quality" name="test_non_latin_refund_intent_survives_routing" time="0.628" /><testcase classname="tests.test_decision_quality" name="test_answer_is_stable_whether_asked_alone_or_alongside_others" time="1.285" /><testcase classname="tests.test_decision_quality" name="test_repeated_calls_are_deterministic" time="1.169" /><testcase classname="tests.test_decision_quality" name="test_classify_matches_the_equivalent_predict_call" time="1.715" /><testcase classname="tests.test_decision_quality" name="test_high_cardinality_choice_degrades_as_documented" time="1.390" /><testcase classname="tests.test_decision_quality" name="test_confidence_is_higher_on_clear_cases_than_ambiguous_ones" time="0.560" /><testcase classname="tests.test_decision_quality" name="test_latency_stays_in_the_expected_envelope" time="2.507" /><testcase classname="tests.test_mcp_contract" name="test_server_exposes_the_documented_tools" time="0.021" /><testcase classname="tests.test_mcp_contract" name="test_every_tool_is_described" time="0.003" /><testcase classname="tests.test_mcp_contract" name="test_predict_schema_advertises_its_arguments" time="0.002" /><testcase classname="tests.test_mcp_contract" name="test_health_reports_a_loaded_model" time="0.015" /><testcase classname="tests.test_mcp_contract" name="test_checkpoints_are_listed_with_their_budgets" time="0.003" /><testcase classname="tests.test_mcp_contract" name="test_choice_without_criteria_is_rejected" time="0.004" /><testcase classname="tests.test_mcp_contract" name="test_choice_with_a_single_option_is_rejected" time="0.001" /><testcase classname="tests.test_mcp_contract" name="test_score_criteria_must_be_an_ordered_list" time="0.002" /><testcase classname="tests.test_mcp_contract" name="test_noul_must_not_carry_criteria" time="0.001" /><testcase classname="tests.test_mcp_contract" name="test_unknown_question_type_is_rejected" time="0.001" /><testcase classname="tests.test_mcp_contract" name="test_missing_instructions_is_rejected" time="0.001" /><testcase classname="tests.test_mcp_contract" name="test_empty_questions_is_rejected" time="0.001" /><testcase classname="tests.test_mcp_contract" name="test_classify_needs_at_least_two_labels" time="0.002" /><testcase classname="tests.test_mcp_contract" name="test_error_messages_are_specific_not_generic" time="0.049" /><testcase classname="tests.test_mcp_contract" name="test_predict_returns_answers_and_routing_metadata" time="0.182" /><testcase classname="tests.test_mcp_contract" name="test_choice_answer_carries_a_full_probability_distribution" time="0.168" /><testcase classname="tests.test_mcp_contract" name="test_a_state_object_is_accepted_alongside_a_plain_string" time="0.239" /><testcase classname="tests.test_mcp_contract" name="test_all_questions_are_answered_in_one_call" time="0.466" /><testcase classname="tests.test_mcp_contract" name="test_explicit_checkpoint_override_is_honoured" time="0.177" /><testcase classname="tests.test_mcp_contract" name="test_unknown_checkpoint_name_is_refused" time="0.007" /><testcase classname="tests.test_mcp_contract" name="test_start_is_idempotent_when_already_running" time="0.016" /><testcase classname="tests.test_spec_research" name="test_ambiguity_detection_across_language_modes" time="5.657" /><testcase classname="tests.test_spec_research" name="test_ambiguity_screening_recall_at_a_lower_threshold" time="5.572" /><testcase classname="tests.test_spec_research" name="test_requirement_versus_context_filtering" time="3.340" /><testcase classname="tests.test_spec_research" name="test_panel_routing_across_language_modes" time="11.643" /><testcase classname="tests.test_spec_research" name="test_panel_routing_confidence_separates_right_from_wrong" time="0.001" /><testcase classname="tests.test_spec_research" name="test_ui_surface_detection" time="6.520" /><testcase classname="tests.test_spec_research" name="test_unresolved_severity_classification" time="4.009" /><testcase classname="tests.test_spec_research" name="test_full_prd_screening_cost" time="25.374" /><testcase classname="tests.test_spec_research" name="test_cost_of_packing_versus_separate_calls" time="7.806" /><testcase classname="tests.test_spec_research" name="test_confidence_gated_panel_routing_is_safe_to_automate" time="3.812" /></testsuite></testsuites>